{
  "RSpec": {
    "coverage": {
      "/Users/adamjonas/Projects/makers/week-10/game-of-life-ruby/lib/cell.rb": {
        "lines": [
          null,
          1,
          1,
          null,
          1,
          2,
          null,
          null,
          1,
          1,
          null,
          null,
          1,
          null,
          1,
          null
        ]
      },
      "/Users/adamjonas/Projects/makers/week-10/game-of-life-ruby/lib/game.rb": {
        "lines": [
          1,
          1,
          null,
          1,
          17,
          null,
          null,
          1,
          null,
          null
        ]
      },
      "/Users/adamjonas/Projects/makers/week-10/game-of-life-ruby/spec/cell_spec.rb": {
        "lines": [
          1,
          3,
          null,
          1,
          1,
          1,
          1,
          null,
          null,
          1,
          1,
          1,
          null,
          1,
          1,
          null,
          null,
          null
        ]
      },
      "/Users/adamjonas/Projects/makers/week-10/game-of-life-ruby/spec/game_spec.rb": {
        "lines": [
          1,
          3,
          null,
          3,
          3,
          null,
          1,
          1,
          1,
          null,
          null,
          1,
          1,
          1,
          null,
          null,
          null,
          1,
          1,
          1,
          1,
          null,
          null,
          null
        ]
      }
    },
    "timestamp": 1617697617
  },
  "Unknown Test Framework": {
    "coverage": {
    },
    "timestamp": 1617696540
  }
}
