{
  "RSpec": {
    "coverage": {
      "/Users/adamjonas/Projects/makers/week-10/game-of-life-ruby/lib/cell.rb": {
        "lines": [
          null,
          1,
          1,
          null,
          1,
          1,
          null,
          null,
          1,
          null,
          1,
          null
        ]
      },
      "/Users/adamjonas/Projects/makers/week-10/game-of-life-ruby/spec/cell_spec.rb": {
        "lines": [
          1,
          2,
          null,
          1,
          1,
          1,
          1,
          null,
          null,
          null
        ]
      }
    },
    "timestamp": 1617656043
  }
}
